<?xml version="1.0" encoding="UTF-8"?>
<!-- Generated by org.testng.reporters.JUnitReportReporter -->
<testsuite hostname="DESKTOP-JRML3GF" failures="0" tests="8" name="testcase.TestClass" time="27.192" errors="0" timestamp="2024-09-08T16:39:54 NZST" skipped="1">
  <testcase classname="testcase.TestClass" name="verifyTitle" time="0.027"/>
  <testcase classname="testcase.TestClass" name="searchBarEditing" time="0.498"/>
  <testcase classname="testcase.TestClass" name="searchFunctionality" time="1.740"/>
  <testcase classname="testcase.TestClass" name="checkingBrokenImages" time="1.803"/>
  <testcase classname="testcase.TestClass" name="addItemsToCart" time="5.123"/>
  <testcase classname="testcase.TestClass" name="removeItemFromCart" time="5.369"/>
  <testcase classname="testcase.TestClass" name="allPairTesting" time="12.632"/>
  <testcase classname="testcase.TestClass" name="checkingBrokenLinks">
    <skipped/>
  </testcase> <!-- checkingBrokenLinks -->
</testsuite> <!-- testcase.TestClass -->
